[2025-06-11 07:55:26Z INFO HostContext] No proxy settings were found based on environmental variables (http_proxy/https_proxy/HTTP_PROXY/HTTPS_PROXY)
[2025-06-11 07:55:26Z INFO HostContext] Well known directory 'Bin': 'C:\Users\mathi\Documents\_School 2024-2025\MLOps\Project_MLOps\actions-runner\bin'
[2025-06-11 07:55:26Z INFO HostContext] Well known directory 'Root': 'C:\Users\mathi\Documents\_School 2024-2025\MLOps\Project_MLOps\actions-runner'
[2025-06-11 07:55:26Z INFO HostContext] Well known config file 'Credentials': 'C:\Users\mathi\Documents\_School 2024-2025\MLOps\Project_MLOps\actions-runner\.credentials'
[2025-06-11 07:55:26Z INFO HostContext] Well known directory 'Bin': 'C:\Users\mathi\Documents\_School 2024-2025\MLOps\Project_MLOps\actions-runner\bin'
[2025-06-11 07:55:26Z INFO HostContext] Well known directory 'Root': 'C:\Users\mathi\Documents\_School 2024-2025\MLOps\Project_MLOps\actions-runner'
[2025-06-11 07:55:26Z INFO HostContext] Well known config file 'Runner': 'C:\Users\mathi\Documents\_School 2024-2025\MLOps\Project_MLOps\actions-runner\.runner'
[2025-06-11 07:55:26Z INFO Worker] Version: 2.325.0
[2025-06-11 07:55:26Z INFO Worker] Commit: 71ed7cd46223bd5d61633445946813012b502d54
[2025-06-11 07:55:26Z INFO Worker] Culture: en-GB
[2025-06-11 07:55:26Z INFO Worker] UI Culture: en-GB
[2025-06-11 07:55:26Z INFO Worker] Waiting to receive the job message from the channel.
[2025-06-11 07:55:26Z INFO ProcessChannel] Receiving message of length 24463, with hash '092e7aaa38ab1275d45da5b08f6288059722f13ab1bace538b21fc444ff84192'
[2025-06-11 07:55:26Z INFO Worker] Message received.
[2025-06-11 07:55:26Z INFO Worker] Job message:
 {
  "fileTable": [
    ".github/workflows/train-model.yml"
  ],
  "mask": [
    {
      "type": "regex",
      "value": "***"
    },
    {
      "type": "regex",
      "value": "***"
    },
    {
      "type": "regex",
      "value": "***"
    },
    {
      "type": "regex",
      "value": "***"
    },
    {
      "type": "regex",
      "value": "***"
    },
    {
      "type": "regex",
      "value": "***"
    },
    {
      "type": "regex",
      "value": "***"
    },
    {
      "type": "regex",
      "value": "***"
    },
    {
      "type": "regex",
      "value": "***"
    },
    {
      "type": "regex",
      "value": "***"
    },
    {
      "type": "regex",
      "value": "***"
    },
    {
      "type": "regex",
      "value": "***"
    },
    {
      "type": "regex",
      "value": "***"
    },
    {
      "type": "regex",
      "value": "***"
    },
    {
      "type": "regex",
      "value": "***"
    },
    {
      "type": "regex",
      "value": "***"
    },
    {
      "type": "regex",
      "value": "***"
    },
    {
      "type": "regex",
      "value": "***"
    }
  ],
  "steps": [
    {
      "type": "action",
      "reference": {
        "type": "repository",
        "name": "actions/checkout",
        "ref": "v3",
        "repositoryType": "GitHub"
      },
      "displayNameToken": {
        "type": 0,
        "file": 1,
        "line": 15,
        "col": 15,
        "lit": "Checkout repository"
      },
      "contextName": "__actions_checkout",
      "condition": "success()",
      "id": "f2deba32-69ce-43e9-9f02-c85c36aacb91",
      "name": "__actions_checkout"
    },
    {
      "type": "action",
      "reference": {
        "type": "repository",
        "name": "actions/setup-python",
        "ref": "v4",
        "repositoryType": "GitHub"
      },
      "displayNameToken": {
        "type": 0,
        "file": 1,
        "line": 18,
        "col": 15,
        "lit": "Set up Python"
      },
      "contextName": "__actions_setup-python",
      "inputs": {
        "type": 2,
        "file": 1,
        "line": 21,
        "col": 11,
        "map": [
          {
            "key": {
              "type": 0,
              "file": 1,
              "line": 21,
              "col": 11,
              "lit": "python-version"
            },
            "value": {
              "type": 0,
              "file": 1,
              "line": 21,
              "col": 27,
              "lit": "3.10"
            }
          }
        ]
      },
      "condition": "success()",
      "id": "3aac4884-5f64-4b68-b734-feaed58f2904",
      "name": "__actions_setup-python"
    },
    {
      "type": "action",
      "reference": {
        "type": "script"
      },
      "displayNameToken": {
        "type": 0,
        "file": 1,
        "line": 23,
        "col": 15,
        "lit": "Install Azure CLI and ML extension"
      },
      "contextName": "__run",
      "inputs": {
        "type": 2,
        "map": [
          {
            "key": "script",
            "value": {
              "type": 0,
              "file": 1,
              "line": 24,
              "col": 14,
              "lit": "pip install azure-cli\naz extension add -n ml -y\n"
            }
          }
        ]
      },
      "condition": "success()",
      "id": "ecc30be7-76c0-499e-ba42-3a60c5d4ccf2",
      "name": "__run"
    },
    {
      "type": "action",
      "reference": {
        "type": "script"
      },
      "displayNameToken": {
        "type": 0,
        "file": 1,
        "line": 28,
        "col": 15,
        "lit": "Azure login"
      },
      "contextName": "__run_2",
      "environment": {
        "type": 2,
        "file": 1,
        "line": 36,
        "col": 11,
        "map": [
          {
            "key": {
              "type": 0,
              "file": 1,
              "line": 36,
              "col": 11,
              "lit": "AZURE_CLIENT_ID"
            },
            "value": {
              "type": 3,
              "file": 1,
              "line": 36,
              "col": 28,
              "expr": "secrets.AZURE_CLIENT_ID"
            }
          },
          {
            "key": {
              "type": 0,
              "file": 1,
              "line": 37,
              "col": 11,
              "lit": "AZURE_CLIENT_SECRET"
            },
            "value": {
              "type": 3,
              "file": 1,
              "line": 37,
              "col": 32,
              "expr": "secrets.AZURE_CLIENT_SECRET"
            }
          },
          {
            "key": {
              "type": 0,
              "file": 1,
              "line": 38,
              "col": 11,
              "lit": "AZURE_TENANT_ID"
            },
            "value": {
              "type": 3,
              "file": 1,
              "line": 38,
              "col": 28,
              "expr": "secrets.AZURE_TENANT_ID"
            }
          },
          {
            "key": {
              "type": 0,
              "file": 1,
              "line": 39,
              "col": 11,
              "lit": "AZURE_SUBSCRIPTION_ID"
            },
            "value": {
              "type": 3,
              "file": 1,
              "line": 39,
              "col": 34,
              "expr": "secrets.AZURE_SUBSCRIPTION_ID"
            }
          }
        ]
      },
      "inputs": {
        "type": 2,
        "map": [
          {
            "key": "script",
            "value": {
              "type": 0,
              "file": 1,
              "line": 29,
              "col": 14,
              "lit": "az login --service-principal `\n  --username $env:AZURE_CLIENT_ID `\n  --password $env:AZURE_CLIENT_SECRET `\n  --tenant $env:AZURE_TENANT_ID\naz account set --subscription $env:AZURE_SUBSCRIPTION_ID\n"
            }
          }
        ]
      },
      "condition": "success()",
      "id": "1c8d44ae-8f1d-463e-807a-c35b9f60075a",
      "name": "__run_2"
    },
    {
      "type": "action",
      "reference": {
        "type": "script"
      },
      "displayNameToken": {
        "type": 0,
        "file": 1,
        "line": 41,
        "col": 15,
        "lit": "Configure Azure ML defaults"
      },
      "contextName": "__run_3",
      "inputs": {
        "type": 2,
        "map": [
          {
            "key": "script",
            "value": {
              "type": 3,
              "file": 1,
              "line": 42,
              "col": 14,
              "expr": "format('az configure --defaults `\n  group={0} `\n  workspace={1}\n', secrets.AZURE_RESOURCE_GROUP, secrets.AZURE_WORKSPACE_NAME)"
            }
          }
        ]
      },
      "condition": "success()",
      "id": "c990532c-e01b-45c1-aa08-1ad123ae2918",
      "name": "__run_3"
    },
    {
      "type": "action",
      "reference": {
        "type": "script"
      },
      "displayNameToken": {
        "type": 0,
        "file": 1,
        "line": 47,
        "col": 15,
        "lit": "Submit Azure ML pipeline"
      },
      "contextName": "__run_4",
      "inputs": {
        "type": 2,
        "map": [
          {
            "key": "script",
            "value": {
              "type": 0,
              "file": 1,
              "line": 48,
              "col": 14,
              "lit": "$jobId = az ml job create --file profit-predictor/pipeline.yaml --query name -o tsv\necho \"JOB_ID=$jobId\" >> $env:GITHUB_ENV\n"
            }
          }
        ]
      },
      "condition": "success()",
      "id": "5fb0fae5-7be8-4dc8-80ee-9fb3ec033953",
      "name": "__run_4"
    },
    {
      "type": "action",
      "reference": {
        "type": "script"
      },
      "displayNameToken": {
        "type": 0,
        "file": 1,
        "line": 52,
        "col": 15,
        "lit": "Wait for job to complete"
      },
      "contextName": "__run_5",
      "inputs": {
        "type": 2,
        "map": [
          {
            "key": "script",
            "value": {
              "type": 0,
              "file": 1,
              "line": 53,
              "col": 14,
              "lit": "az ml job wait --name $env:JOB_ID\n"
            }
          }
        ]
      },
      "condition": "success()",
      "id": "2a857858-0f6a-4716-aed0-bff4c76c22ec",
      "name": "__run_5"
    },
    {
      "type": "action",
      "reference": {
        "type": "script"
      },
      "displayNameToken": {
        "type": 0,
        "file": 1,
        "line": 56,
        "col": 15,
        "lit": "Remove old model from inference folder"
      },
      "contextName": "__run_6",
      "inputs": {
        "type": 2,
        "map": [
          {
            "key": "script",
            "value": {
              "type": 0,
              "file": 1,
              "line": 57,
              "col": 14,
              "lit": "if (Test-Path \"inference/smurf-regressor\") {\n  Remove-Item -Recurse -Force \"inference/smurf-regressor\"\n}\n"
            }
          }
        ]
      },
      "condition": "success()",
      "id": "b433528b-b9a8-4c7e-be23-814b56f31647",
      "name": "__run_6"
    },
    {
      "type": "action",
      "reference": {
        "type": "script"
      },
      "displayNameToken": {
        "type": 0,
        "file": 1,
        "line": 62,
        "col": 15,
        "lit": "Download new trained model"
      },
      "contextName": "__run_7",
      "inputs": {
        "type": 2,
        "map": [
          {
            "key": "script",
            "value": {
              "type": 0,
              "file": 1,
              "line": 63,
              "col": 14,
              "lit": "az ml job download `\n  --name $env:JOB_ID `\n  --download-path model_output `\n  --output-dir inference `\n  --overwrite\n"
            }
          }
        ]
      },
      "condition": "success()",
      "id": "f999980e-bb2d-4fb9-916e-b0ad55d5a09a",
      "name": "__run_7"
    },
    {
      "type": "action",
      "reference": {
        "type": "repository",
        "name": "actions/upload-artifact",
        "ref": "v3",
        "repositoryType": "GitHub"
      },
      "displayNameToken": {
        "type": 0,
        "file": 1,
        "line": 70,
        "col": 15,
        "lit": "Upload model as artifact (optional)"
      },
      "contextName": "__actions_upload-artifact",
      "inputs": {
        "type": 2,
        "file": 1,
        "line": 73,
        "col": 11,
        "map": [
          {
            "key": {
              "type": 0,
              "file": 1,
              "line": 73,
              "col": 11,
              "lit": "name"
            },
            "value": {
              "type": 0,
              "file": 1,
              "line": 73,
              "col": 17,
              "lit": "trained-model"
            }
          },
          {
            "key": {
              "type": 0,
              "file": 1,
              "line": 74,
              "col": 11,
              "lit": "path"
            },
            "value": {
              "type": 0,
              "file": 1,
              "line": 74,
              "col": 17,
              "lit": "inference/smurf-regressor"
            }
          }
        ]
      },
      "condition": "success()",
      "id": "a2a6061d-ae36-48a3-bfa5-af4159eb7086",
      "name": "__actions_upload-artifact"
    }
  ],
  "variables": {
    "AZURE_CLIENT_ID": {
      "value": "***",
      "isSecret": true
    },
    "AZURE_CLIENT_SECRET": {
      "value": "***",
      "isSecret": true
    },
    "AZURE_RESOURCE_GROUP": {
      "value": "***",
      "isSecret": true
    },
    "AZURE_SUBSCRIPTION_ID": {
      "value": "***",
      "isSecret": true
    },
    "AZURE_TENANT_ID": {
      "value": "***",
      "isSecret": true
    },
    "AZURE_WORKSPACE_NAME": {
      "value": "***",
      "isSecret": true
    },
    "Actions.EnableHttpRedirects": {
      "value": "true"
    },
    "DistributedTask.AddWarningToNode12Action": {
      "value": "true"
    },
    "DistributedTask.AddWarningToNode16Action": {
      "value": "true"
    },
    "DistributedTask.AllowRunnerContainerHooks": {
      "value": "true"
    },
    "DistributedTask.DeprecateStepOutputCommands": {
      "value": "true"
    },
    "DistributedTask.DetailUntarFailure": {
      "value": "true"
    },
    "DistributedTask.EnableCompositeActions": {
      "value": "true"
    },
    "DistributedTask.EnableJobServerQueueTelemetry": {
      "value": "true"
    },
    "DistributedTask.EnhancedAnnotations": {
      "value": "true"
    },
    "DistributedTask.ForceGithubJavascriptActionsToNode16": {
      "value": "true"
    },
    "DistributedTask.ForceGithubJavascriptActionsToNode20": {
      "value": "true"
    },
    "DistributedTask.LogTemplateErrorsAsDebugMessages": {
      "value": "true"
    },
    "DistributedTask.MarkJobAsFailedOnWorkerCrash": {
      "value": "true"
    },
    "DistributedTask.NewActionMetadata": {
      "value": "true"
    },
    "DistributedTask.UploadStepSummary": {
      "value": "true"
    },
    "DistributedTask.UseActionArchiveCache": {
      "value": "true"
    },
    "DistributedTask.UseWhich2": {
      "value": "true"
    },
    "RunService.FixEmbeddedIssues": {
      "value": "true"
    },
    "actions_add_check_run_id_to_job_context": {
      "value": "false"
    },
    "actions_display_helpful_actions_download_errors": {
      "value": "true"
    },
    "actions_skip_retry_complete_job_upon_known_errors": {
      "value": "true"
    },
    "actions_uses_cache_service_v2": {
      "value": "true"
    },
    "github_token": {
      "value": "***",
      "isSecret": true
    },
    "system.from_run_service": {
      "value": "true"
    },
    "system.github.job": {
      "value": "train-model"
    },
    "system.github.launch_endpoint": {
      "value": "https://launch.actions.githubusercontent.com"
    },
    "system.github.results_endpoint": {
      "value": "https://results-receiver.actions.githubusercontent.com/"
    },
    "system.github.results_upload_with_sdk": {
      "value": "true"
    },
    "system.github.token": {
      "value": "***",
      "isSecret": true
    },
    "system.github.token.permissions": {
      "value": "{\"Contents\":\"read\",\"Metadata\":\"read\",\"Packages\":\"read\"}"
    },
    "system.orchestrationId": {
      "value": "b48956c4-4c36-43d3-aed6-3afc49bb461f.train-model.__default"
    },
    "system.phaseDisplayName": {
      "value": "train-model"
    },
    "system.runner.lowdiskspacethreshold": {
      "value": "100"
    },
    "system.runnerEnvironment": {
      "value": "self-hosted"
    }
  },
  "messageType": "RunnerJobRequest",
  "plan": {
    "scopeIdentifier": "00000000-0000-0000-0000-000000000000",
    "planType": "actions",
    "version": 0,
    "planId": "b48956c4-4c36-43d3-aed6-3afc49bb461f",
    "planGroup": null,
    "artifactUri": null,
    "artifactLocation": null,
    "definition": null,
    "owner": null
  },
  "timeline": {
    "id": "b48956c4-4c36-43d3-aed6-3afc49bb461f",
    "changeId": 0,
    "location": null
  },
  "jobId": "1bbc35f5-c16e-53f3-9af5-4b29a76b8508",
  "jobDisplayName": "train-model",
  "jobName": "__default",
  "requestId": 0,
  "lockedUntil": "0001-01-01T00:00:00",
  "resources": {
    "endpoints": [
      {
        "data": {
          "ServerId": "",
          "ServerName": "",
          "CacheServerUrl": "https://artifactcache.actions.githubusercontent.com/kCjpFKbZaOCqgYpyow3QSuL0LbokJM5pTqCYqy7Nsz9AbcU5BC/",
          "FeedStreamUrl": "wss://results-receiver.actions.githubusercontent.com/_ws/ingest.sock",
          "ResultsServiceUrl": "https://results-receiver.actions.githubusercontent.com/",
          "PipelinesServiceUrl": "https://pipelinesghubeus4.actions.githubusercontent.com/kCjpFKbZaOCqgYpyow3QSuL0LbokJM5pTqCYqy7Nsz9AbcU5BC/",
          "GenerateIdTokenUrl": ""
        },
        "name": "SystemVssConnection",
        "url": "https://run-actions-3-azure-eastus.actions.githubusercontent.com/49/",
        "authorization": {
          "parameters": {
            "AccessToken": "***"
          },
          "scheme": "OAuth"
        },
        "isShared": false,
        "isReady": true
      }
    ]
  },
  "contextData": {
    "github": {
      "t": 2,
      "d": [
        {
          "k": "ref",
          "v": "refs/heads/master"
        },
        {
          "k": "sha",
          "v": "2f95d8016cb271154bba7021e8e9ea2904fb3a88"
        },
        {
          "k": "repository",
          "v": "MathiasGoris2440/MLOps-Project"
        },
        {
          "k": "repository_owner",
          "v": "MathiasGoris2440"
        },
        {
          "k": "repository_owner_id",
          "v": "114086525"
        },
        {
          "k": "repositoryUrl",
          "v": "git://github.com/MathiasGoris2440/MLOps-Project.git"
        },
        {
          "k": "run_id",
          "v": "15579124689"
        },
        {
          "k": "run_number",
          "v": "1"
        },
        {
          "k": "retention_days",
          "v": "90"
        },
        {
          "k": "run_attempt",
          "v": "1"
        },
        {
          "k": "artifact_cache_size_limit",
          "v": "10"
        },
        {
          "k": "repository_visibility",
          "v": "public"
        },
        {
          "k": "actor_id",
          "v": "114086525"
        },
        {
          "k": "actor",
          "v": "MathiasGoris2440"
        },
        {
          "k": "workflow",
          "v": "Retrain AI Model"
        },
        {
          "k": "head_ref",
          "v": ""
        },
        {
          "k": "base_ref",
          "v": ""
        },
        {
          "k": "event_name",
          "v": "push"
        },
        {
          "k": "server_url",
          "v": "https://github.com"
        },
        {
          "k": "api_url",
          "v": "https://api.github.com"
        },
        {
          "k": "graphql_url",
          "v": "https://api.github.com/graphql"
        },
        {
          "k": "ref_name",
          "v": "master"
        },
        {
          "k": "ref_protected",
          "v": false
        },
        {
          "k": "ref_type",
          "v": "branch"
        },
        {
          "k": "secret_source",
          "v": "Actions"
        },
        {
          "k": "event",
          "v": {
            "t": 2,
            "d": [
              {
                "k": "after",
                "v": "2f95d8016cb271154bba7021e8e9ea2904fb3a88"
              },
              {
                "k": "base_ref",
                "v": null
              },
              {
                "k": "before",
                "v": "36df957dbbcf69b20d920c38487c61cca1d531d9"
              },
              {
                "k": "commits",
                "v": {
                  "t": 1,
                  "a": [
                    {
                      "t": 2,
                      "d": [
                        {
                          "k": "author",
                          "v": {
                            "t": 2,
                            "d": [
                              {
                                "k": "email",
                                "v": "mathias.goris@outlook.com"
                              },
                              {
                                "k": "name",
                                "v": "MathiasGoris2440"
                              },
                              {
                                "k": "username",
                                "v": "MathiasGoris2440"
                              }
                            ]
                          }
                        },
                        {
                          "k": "committer",
                          "v": {
                            "t": 2,
                            "d": [
                              {
                                "k": "email",
                                "v": "mathias.goris@outlook.com"
                              },
                              {
                                "k": "name",
                                "v": "MathiasGoris2440"
                              },
                              {
                                "k": "username",
                                "v": "MathiasGoris2440"
                              }
                            ]
                          }
                        },
                        {
                          "k": "distinct",
                          "v": true
                        },
                        {
                          "k": "id",
                          "v": "2f95d8016cb271154bba7021e8e9ea2904fb3a88"
                        },
                        {
                          "k": "message",
                          "v": "test action"
                        },
                        {
                          "k": "timestamp",
                          "v": "2025-06-11T09:48:42+02:00"
                        },
                        {
                          "k": "tree_id",
                          "v": "a275a3f3513e2597b62fb24d12074db89e49a369"
                        },
                        {
                          "k": "url",
                          "v": "https://github.com/MathiasGoris2440/MLOps-Project/commit/2f95d8016cb271154bba7021e8e9ea2904fb3a88"
                        }
                      ]
                    }
                  ]
                }
              },
              {
                "k": "compare",
                "v": "https://github.com/MathiasGoris2440/MLOps-Project/compare/36df957dbbcf...2f95d8016cb2"
              },
              {
                "k": "created",
                "v": false
              },
              {
                "k": "deleted",
                "v": false
              },
              {
                "k": "forced",
                "v": false
              },
              {
                "k": "head_commit",
                "v": {
                  "t": 2,
                  "d": [
                    {
                      "k": "author",
                      "v": {
                        "t": 2,
                        "d": [
                          {
                            "k": "email",
                            "v": "mathias.goris@outlook.com"
                          },
                          {
                            "k": "name",
                            "v": "MathiasGoris2440"
                          },
                          {
                            "k": "username",
                            "v": "MathiasGoris2440"
                          }
                        ]
                      }
                    },
                    {
                      "k": "committer",
                      "v": {
                        "t": 2,
                        "d": [
                          {
                            "k": "email",
                            "v": "mathias.goris@outlook.com"
                          },
                          {
                            "k": "name",
                            "v": "MathiasGoris2440"
                          },
                          {
                            "k": "username",
                            "v": "MathiasGoris2440"
                          }
                        ]
                      }
                    },
                    {
                      "k": "distinct",
                      "v": true
                    },
                    {
                      "k": "id",
                      "v": "2f95d8016cb271154bba7021e8e9ea2904fb3a88"
                    },
                    {
                      "k": "message",
                      "v": "test action"
                    },
                    {
                      "k": "timestamp",
                      "v": "2025-06-11T09:48:42+02:00"
                    },
                    {
                      "k": "tree_id",
                      "v": "a275a3f3513e2597b62fb24d12074db89e49a369"
                    },
                    {
                      "k": "url",
                      "v": "https://github.com/MathiasGoris2440/MLOps-Project/commit/2f95d8016cb271154bba7021e8e9ea2904fb3a88"
                    }
                  ]
                }
              },
              {
                "k": "pusher",
                "v": {
                  "t": 2,
                  "d": [
                    {
                      "k": "email",
                      "v": "114086525+MathiasGoris2440@users.noreply.github.com"
                    },
                    {
                      "k": "name",
                      "v": "MathiasGoris2440"
                    }
                  ]
                }
              },
              {
                "k": "ref",
                "v": "refs/heads/master"
              },
              {
                "k": "repository",
                "v": {
                  "t": 2,
                  "d": [
                    {
                      "k": "allow_forking",
                      "v": true
                    },
                    {
                      "k": "archive_url",
                      "v": "https://api.github.com/repos/MathiasGoris2440/MLOps-Project/{archive_format}{/ref}"
                    },
                    {
                      "k": "archived",
                      "v": false
                    },
                    {
                      "k": "assignees_url",
                      "v": "https://api.github.com/repos/MathiasGoris2440/MLOps-Project/assignees{/user}"
                    },
                    {
                      "k": "blobs_url",
                      "v": "https://api.github.com/repos/MathiasGoris2440/MLOps-Project/git/blobs{/sha}"
                    },
                    {
                      "k": "branches_url",
                      "v": "https://api.github.com/repos/MathiasGoris2440/MLOps-Project/branches{/branch}"
                    },
                    {
                      "k": "clone_url",
                      "v": "https://github.com/MathiasGoris2440/MLOps-Project.git"
                    },
                    {
                      "k": "collaborators_url",
                      "v": "https://api.github.com/repos/MathiasGoris2440/MLOps-Project/collaborators{/collaborator}"
                    },
                    {
                      "k": "comments_url",
                      "v": "https://api.github.com/repos/MathiasGoris2440/MLOps-Project/comments{/number}"
                    },
                    {
                      "k": "commits_url",
                      "v": "https://api.github.com/repos/MathiasGoris2440/MLOps-Project/commits{/sha}"
                    },
                    {
                      "k": "compare_url",
                      "v": "https://api.github.com/repos/MathiasGoris2440/MLOps-Project/compare/{base}...{head}"
                    },
                    {
                      "k": "contents_url",
                      "v": "https://api.github.com/repos/MathiasGoris2440/MLOps-Project/contents/{+path}"
                    },
                    {
                      "k": "contributors_url",
                      "v": "https://api.github.com/repos/MathiasGoris2440/MLOps-Project/contributors"
                    },
                    {
                      "k": "created_at",
                      "v": 1749563251.0
                    },
                    {
                      "k": "default_branch",
                      "v": "master"
                    },
                    {
                      "k": "deployments_url",
                      "v": "https://api.github.com/repos/MathiasGoris2440/MLOps-Project/deployments"
                    },
                    {
                      "k": "description",
                      "v": null
                    },
                    {
                      "k": "disabled",
                      "v": false
                    },
                    {
                      "k": "downloads_url",
                      "v": "https://api.github.com/repos/MathiasGoris2440/MLOps-Project/downloads"
                    },
                    {
                      "k": "events_url",
                      "v": "https://api.github.com/repos/MathiasGoris2440/MLOps-Project/events"
                    },
                    {
                      "k": "fork",
                      "v": false
                    },
                    {
                      "k": "forks",
                      "v": 0.0
                    },
                    {
                      "k": "forks_count",
                      "v": 0.0
                    },
                    {
                      "k": "forks_url",
                      "v": "https://api.github.com/repos/MathiasGoris2440/MLOps-Project/forks"
                    },
                    {
                      "k": "full_name",
                      "v": "MathiasGoris2440/MLOps-Project"
                    },
                    {
                      "k": "git_commits_url",
                      "v": "https://api.github.com/repos/MathiasGoris2440/MLOps-Project/git/commits{/sha}"
                    },
                    {
                      "k": "git_refs_url",
                      "v": "https://api.github.com/repos/MathiasGoris2440/MLOps-Project/git/refs{/sha}"
                    },
                    {
                      "k": "git_tags_url",
                      "v": "https://api.github.com/repos/MathiasGoris2440/MLOps-Project/git/tags{/sha}"
                    },
                    {
                      "k": "git_url",
                      "v": "git://github.com/MathiasGoris2440/MLOps-Project.git"
                    },
                    {
                      "k": "has_discussions",
                      "v": false
                    },
                    {
                      "k": "has_downloads",
                      "v": true
                    },
                    {
                      "k": "has_issues",
                      "v": true
                    },
                    {
                      "k": "has_pages",
                      "v": false
                    },
                    {
                      "k": "has_projects",
                      "v": true
                    },
                    {
                      "k": "has_wiki",
                      "v": true
                    },
                    {
                      "k": "homepage",
                      "v": null
                    },
                    {
                      "k": "hooks_url",
                      "v": "https://api.github.com/repos/MathiasGoris2440/MLOps-Project/hooks"
                    },
                    {
                      "k": "html_url",
                      "v": "https://github.com/MathiasGoris2440/MLOps-Project"
                    },
                    {
                      "k": "id",
                      "v": 999596337.0
                    },
                    {
                      "k": "is_template",
                      "v": false
                    },
                    {
                      "k": "issue_comment_url",
                      "v": "https://api.github.com/repos/MathiasGoris2440/MLOps-Project/issues/comments{/number}"
                    },
                    {
                      "k": "issue_events_url",
                      "v": "https://api.github.com/repos/MathiasGoris2440/MLOps-Project/issues/events{/number}"
                    },
                    {
                      "k": "issues_url",
                      "v": "https://api.github.com/repos/MathiasGoris2440/MLOps-Project/issues{/number}"
                    },
                    {
                      "k": "keys_url",
                      "v": "https://api.github.com/repos/MathiasGoris2440/MLOps-Project/keys{/key_id}"
                    },
                    {
                      "k": "labels_url",
                      "v": "https://api.github.com/repos/MathiasGoris2440/MLOps-Project/labels{/name}"
                    },
                    {
                      "k": "language",
                      "v": "Jupyter Notebook"
                    },
                    {
                      "k": "languages_url",
                      "v": "https://api.github.com/repos/MathiasGoris2440/MLOps-Project/languages"
                    },
                    {
                      "k": "license",
                      "v": null
                    },
                    {
                      "k": "master_branch",
                      "v": "master"
                    },
                    {
                      "k": "merges_url",
                      "v": "https://api.github.com/repos/MathiasGoris2440/MLOps-Project/merges"
                    },
                    {
                      "k": "milestones_url",
                      "v": "https://api.github.com/repos/MathiasGoris2440/MLOps-Project/milestones{/number}"
                    },
                    {
                      "k": "mirror_url",
                      "v": null
                    },
                    {
                      "k": "name",
                      "v": "MLOps-Project"
                    },
                    {
                      "k": "node_id",
                      "v": "R_kgDOO5ShMQ"
                    },
                    {
                      "k": "notifications_url",
                      "v": "https://api.github.com/repos/MathiasGoris2440/MLOps-Project/notifications{?since,all,participating}"
                    },
                    {
                      "k": "open_issues",
                      "v": 0.0
                    },
                    {
                      "k": "open_issues_count",
                      "v": 0.0
                    },
                    {
                      "k": "owner",
                      "v": {
                        "t": 2,
                        "d": [
                          {
                            "k": "avatar_url",
                            "v": "https://avatars.githubusercontent.com/u/114086525?v=4"
                          },
                          {
                            "k": "email",
                            "v": "114086525+MathiasGoris2440@users.noreply.github.com"
                          },
                          {
                            "k": "events_url",
                            "v": "https://api.github.com/users/MathiasGoris2440/events{/privacy}"
                          },
                          {
                            "k": "followers_url",
                            "v": "https://api.github.com/users/MathiasGoris2440/followers"
                          },
                          {
                            "k": "following_url",
                            "v": "https://api.github.com/users/MathiasGoris2440/following{/other_user}"
                          },
                          {
                            "k": "gists_url",
                            "v": "https://api.github.com/users/MathiasGoris2440/gists{/gist_id}"
                          },
                          {
                            "k": "gravatar_id",
                            "v": ""
                          },
                          {
                            "k": "html_url",
                            "v": "https://github.com/MathiasGoris2440"
                          },
                          {
                            "k": "id",
                            "v": 114086525.0
                          },
                          {
                            "k": "login",
                            "v": "MathiasGoris2440"
                          },
                          {
                            "k": "name",
                            "v": "MathiasGoris2440"
                          },
                          {
                            "k": "node_id",
                            "v": "U_kgDOBszSfQ"
                          },
                          {
                            "k": "organizations_url",
                            "v": "https://api.github.com/users/MathiasGoris2440/orgs"
                          },
                          {
                            "k": "received_events_url",
                            "v": "https://api.github.com/users/MathiasGoris2440/received_events"
                          },
                          {
                            "k": "repos_url",
                            "v": "https://api.github.com/users/MathiasGoris2440/repos"
                          },
                          {
                            "k": "site_admin",
                            "v": false
                          },
                          {
                            "k": "starred_url",
                            "v": "https://api.github.com/users/MathiasGoris2440/starred{/owner}{/repo}"
                          },
                          {
                            "k": "subscriptions_url",
                            "v": "https://api.github.com/users/MathiasGoris2440/subscriptions"
                          },
                          {
                            "k": "type",
                            "v": "User"
                          },
                          {
                            "k": "url",
                            "v": "https://api.github.com/users/MathiasGoris2440"
                          },
                          {
                            "k": "user_view_type",
                            "v": "public"
                          }
                        ]
                      }
                    },
                    {
                      "k": "private",
                      "v": false
                    },
                    {
                      "k": "pulls_url",
                      "v": "https://api.github.com/repos/MathiasGoris2440/MLOps-Project/pulls{/number}"
                    },
                    {
                      "k": "pushed_at",
                      "v": 1749628128.0
                    },
                    {
                      "k": "releases_url",
                      "v": "https://api.github.com/repos/MathiasGoris2440/MLOps-Project/releases{/id}"
                    },
                    {
                      "k": "size",
                      "v": 1110.0
                    },
                    {
                      "k": "ssh_url",
                      "v": "git@github.com:MathiasGoris2440/MLOps-Project.git"
                    },
                    {
                      "k": "stargazers",
                      "v": 0.0
                    },
                    {
                      "k": "stargazers_count",
                      "v": 0.0
                    },
                    {
                      "k": "stargazers_url",
                      "v": "https://api.github.com/repos/MathiasGoris2440/MLOps-Project/stargazers"
                    },
                    {
                      "k": "statuses_url",
                      "v": "https://api.github.com/repos/MathiasGoris2440/MLOps-Project/statuses/{sha}"
                    },
                    {
                      "k": "subscribers_url",
                      "v": "https://api.github.com/repos/MathiasGoris2440/MLOps-Project/subscribers"
                    },
                    {
                      "k": "subscription_url",
                      "v": "https://api.github.com/repos/MathiasGoris2440/MLOps-Project/subscription"
                    },
                    {
                      "k": "svn_url",
                      "v": "https://github.com/MathiasGoris2440/MLOps-Project"
                    },
                    {
                      "k": "tags_url",
                      "v": "https://api.github.com/repos/MathiasGoris2440/MLOps-Project/tags"
                    },
                    {
                      "k": "teams_url",
                      "v": "https://api.github.com/repos/MathiasGoris2440/MLOps-Project/teams"
                    },
                    {
                      "k": "topics",
                      "v": {
                        "t": 1
                      }
                    },
                    {
                      "k": "trees_url",
                      "v": "https://api.github.com/repos/MathiasGoris2440/MLOps-Project/git/trees{/sha}"
                    },
                    {
                      "k": "updated_at",
                      "v": "2025-06-11T07:25:05Z"
                    },
                    {
                      "k": "url",
                      "v": "https://api.github.com/repos/MathiasGoris2440/MLOps-Project"
                    },
                    {
                      "k": "visibility",
                      "v": "public"
                    },
                    {
                      "k": "watchers",
                      "v": 0.0
                    },
                    {
                      "k": "watchers_count",
                      "v": 0.0
                    },
                    {
                      "k": "web_commit_signoff_required",
                      "v": false
                    }
                  ]
                }
              },
              {
                "k": "sender",
                "v": {
                  "t": 2,
                  "d": [
                    {
                      "k": "avatar_url",
                      "v": "https://avatars.githubusercontent.com/u/114086525?v=4"
                    },
                    {
                      "k": "events_url",
                      "v": "https://api.github.com/users/MathiasGoris2440/events{/privacy}"
                    },
                    {
                      "k": "followers_url",
                      "v": "https://api.github.com/users/MathiasGoris2440/followers"
                    },
                    {
                      "k": "following_url",
                      "v": "https://api.github.com/users/MathiasGoris2440/following{/other_user}"
                    },
                    {
                      "k": "gists_url",
                      "v": "https://api.github.com/users/MathiasGoris2440/gists{/gist_id}"
                    },
                    {
                      "k": "gravatar_id",
                      "v": ""
                    },
                    {
                      "k": "html_url",
                      "v": "https://github.com/MathiasGoris2440"
                    },
                    {
                      "k": "id",
                      "v": 114086525.0
                    },
                    {
                      "k": "login",
                      "v": "MathiasGoris2440"
                    },
                    {
                      "k": "node_id",
                      "v": "U_kgDOBszSfQ"
                    },
                    {
                      "k": "organizations_url",
                      "v": "https://api.github.com/users/MathiasGoris2440/orgs"
                    },
                    {
                      "k": "received_events_url",
                      "v": "https://api.github.com/users/MathiasGoris2440/received_events"
                    },
                    {
                      "k": "repos_url",
                      "v": "https://api.github.com/users/MathiasGoris2440/repos"
                    },
                    {
                      "k": "site_admin",
                      "v": false
                    },
                    {
                      "k": "starred_url",
                      "v": "https://api.github.com/users/MathiasGoris2440/starred{/owner}{/repo}"
                    },
                    {
                      "k": "subscriptions_url",
                      "v": "https://api.github.com/users/MathiasGoris2440/subscriptions"
                    },
                    {
                      "k": "type",
                      "v": "User"
                    },
                    {
                      "k": "url",
                      "v": "https://api.github.com/users/MathiasGoris2440"
                    },
                    {
                      "k": "user_view_type",
                      "v": "public"
                    }
                  ]
                }
              }
            ]
          }
        },
        {
          "k": "workflow_ref",
          "v": "MathiasGoris2440/MLOps-Project/.github/workflows/train-model.yml@refs/heads/master"
        },
        {
          "k": "workflow_sha",
          "v": "2f95d8016cb271154bba7021e8e9ea2904fb3a88"
        },
        {
          "k": "repository_id",
          "v": "999596337"
        },
        {
          "k": "triggering_actor",
          "v": "MathiasGoris2440"
        }
      ]
    },
    "inputs": {
      "t": 2
    },
    "matrix": null,
    "needs": {
      "t": 2
    },
    "strategy": {
      "t": 2,
      "d": [
        {
          "k": "fail-fast",
          "v": true
        },
        {
          "k": "job-index",
          "v": 0.0
        },
        {
          "k": "job-total",
          "v": 1.0
        },
        {
          "k": "max-parallel",
          "v": 1.0
        }
      ]
    },
    "vars": {
      "t": 2
    }
  },
  "billingOwnerId": "U_kgDOBszSfQ"
}
[2025-06-11 07:55:26Z INFO JobRunner] Job ID 1bbc35f5-c16e-53f3-9af5-4b29a76b8508
[2025-06-11 07:55:26Z INFO ConfigurationStore] currentAssemblyLocation: C:\Users\mathi\Documents\_School 2024-2025\MLOps\Project_MLOps\actions-runner\bin\Runner.Worker.dll
[2025-06-11 07:55:26Z INFO HostContext] Well known directory 'Bin': 'C:\Users\mathi\Documents\_School 2024-2025\MLOps\Project_MLOps\actions-runner\bin'
[2025-06-11 07:55:26Z INFO ConfigurationStore] binPath: C:\Users\mathi\Documents\_School 2024-2025\MLOps\Project_MLOps\actions-runner\bin
[2025-06-11 07:55:26Z INFO HostContext] Well known directory 'Bin': 'C:\Users\mathi\Documents\_School 2024-2025\MLOps\Project_MLOps\actions-runner\bin'
[2025-06-11 07:55:26Z INFO HostContext] Well known directory 'Root': 'C:\Users\mathi\Documents\_School 2024-2025\MLOps\Project_MLOps\actions-runner'
[2025-06-11 07:55:26Z INFO ConfigurationStore] RootFolder: C:\Users\mathi\Documents\_School 2024-2025\MLOps\Project_MLOps\actions-runner
[2025-06-11 07:55:26Z INFO HostContext] Well known directory 'Bin': 'C:\Users\mathi\Documents\_School 2024-2025\MLOps\Project_MLOps\actions-runner\bin'
[2025-06-11 07:55:26Z INFO HostContext] Well known directory 'Root': 'C:\Users\mathi\Documents\_School 2024-2025\MLOps\Project_MLOps\actions-runner'
[2025-06-11 07:55:26Z INFO HostContext] Well known config file 'Runner': 'C:\Users\mathi\Documents\_School 2024-2025\MLOps\Project_MLOps\actions-runner\.runner'
[2025-06-11 07:55:26Z INFO ConfigurationStore] ConfigFilePath: C:\Users\mathi\Documents\_School 2024-2025\MLOps\Project_MLOps\actions-runner\.runner
[2025-06-11 07:55:26Z INFO HostContext] Well known directory 'Bin': 'C:\Users\mathi\Documents\_School 2024-2025\MLOps\Project_MLOps\actions-runner\bin'
[2025-06-11 07:55:26Z INFO HostContext] Well known directory 'Root': 'C:\Users\mathi\Documents\_School 2024-2025\MLOps\Project_MLOps\actions-runner'
[2025-06-11 07:55:26Z INFO HostContext] Well known config file 'MigratedRunner': 'C:\Users\mathi\Documents\_School 2024-2025\MLOps\Project_MLOps\actions-runner\.runner_migrated'
[2025-06-11 07:55:26Z INFO ConfigurationStore] MigratedConfigFilePath: C:\Users\mathi\Documents\_School 2024-2025\MLOps\Project_MLOps\actions-runner\.runner_migrated
[2025-06-11 07:55:26Z INFO HostContext] Well known directory 'Bin': 'C:\Users\mathi\Documents\_School 2024-2025\MLOps\Project_MLOps\actions-runner\bin'
[2025-06-11 07:55:26Z INFO HostContext] Well known directory 'Root': 'C:\Users\mathi\Documents\_School 2024-2025\MLOps\Project_MLOps\actions-runner'
[2025-06-11 07:55:26Z INFO HostContext] Well known config file 'Credentials': 'C:\Users\mathi\Documents\_School 2024-2025\MLOps\Project_MLOps\actions-runner\.credentials'
[2025-06-11 07:55:26Z INFO ConfigurationStore] CredFilePath: C:\Users\mathi\Documents\_School 2024-2025\MLOps\Project_MLOps\actions-runner\.credentials
[2025-06-11 07:55:26Z INFO HostContext] Well known directory 'Bin': 'C:\Users\mathi\Documents\_School 2024-2025\MLOps\Project_MLOps\actions-runner\bin'
[2025-06-11 07:55:26Z INFO HostContext] Well known directory 'Root': 'C:\Users\mathi\Documents\_School 2024-2025\MLOps\Project_MLOps\actions-runner'
[2025-06-11 07:55:26Z INFO HostContext] Well known config file 'MigratedCredentials': 'C:\Users\mathi\Documents\_School 2024-2025\MLOps\Project_MLOps\actions-runner\.credentials_migrated'
[2025-06-11 07:55:26Z INFO ConfigurationStore] MigratedCredFilePath: C:\Users\mathi\Documents\_School 2024-2025\MLOps\Project_MLOps\actions-runner\.credentials_migrated
[2025-06-11 07:55:26Z INFO HostContext] Well known directory 'Bin': 'C:\Users\mathi\Documents\_School 2024-2025\MLOps\Project_MLOps\actions-runner\bin'
[2025-06-11 07:55:26Z INFO HostContext] Well known directory 'Root': 'C:\Users\mathi\Documents\_School 2024-2025\MLOps\Project_MLOps\actions-runner'
[2025-06-11 07:55:26Z INFO HostContext] Well known config file 'Service': 'C:\Users\mathi\Documents\_School 2024-2025\MLOps\Project_MLOps\actions-runner\.service'
[2025-06-11 07:55:26Z INFO ConfigurationStore] ServiceConfigFilePath: C:\Users\mathi\Documents\_School 2024-2025\MLOps\Project_MLOps\actions-runner\.service
[2025-06-11 07:55:26Z INFO ConfigurationStore] Read setting file: 397 chars
[2025-06-11 07:55:26Z INFO JobRunner] Initializing launch client
[2025-06-11 07:55:26Z INFO JobServerQueue] Initializing results client
[2025-06-11 07:55:26Z INFO ResultServer] Creating websocket client ...wss://results-receiver.actions.githubusercontent.com/_ws/ingest.sock
[2025-06-11 07:55:26Z INFO ResultServer] Attempting to start websocket client with delay 00:00:00.
[2025-06-11 07:55:26Z INFO JobServerQueue] Start process web console line queue.
[2025-06-11 07:55:26Z INFO JobServerQueue] Start process file upload queue.
[2025-06-11 07:55:26Z INFO JobServerQueue] Start results file upload queue.
[2025-06-11 07:55:26Z INFO JobServerQueue] Starting results-based upload queue...
[2025-06-11 07:55:26Z INFO JobServerQueue] Start process timeline update queue.
[2025-06-11 07:55:26Z INFO ExecutionContext] Initializing Job context
[2025-06-11 07:55:26Z INFO ExecutionContext] Initialize GitHub context
[2025-06-11 07:55:26Z INFO ExecutionContext] Initialize Env context
[2025-06-11 07:55:26Z INFO HostContext] Well known directory 'Bin': 'C:\Users\mathi\Documents\_School 2024-2025\MLOps\Project_MLOps\actions-runner\bin'
[2025-06-11 07:55:26Z INFO HostContext] Well known directory 'Root': 'C:\Users\mathi\Documents\_School 2024-2025\MLOps\Project_MLOps\actions-runner'
[2025-06-11 07:55:26Z INFO HostContext] Well known directory 'Diag': 'C:\Users\mathi\Documents\_School 2024-2025\MLOps\Project_MLOps\actions-runner\_diag'
[2025-06-11 07:55:26Z INFO HostContext] Well known directory 'Bin': 'C:\Users\mathi\Documents\_School 2024-2025\MLOps\Project_MLOps\actions-runner\bin'
[2025-06-11 07:55:26Z INFO HostContext] Well known directory 'Root': 'C:\Users\mathi\Documents\_School 2024-2025\MLOps\Project_MLOps\actions-runner'
[2025-06-11 07:55:26Z INFO HostContext] Well known directory 'Diag': 'C:\Users\mathi\Documents\_School 2024-2025\MLOps\Project_MLOps\actions-runner\_diag'
[2025-06-11 07:55:26Z INFO JobRunner] Starting the job execution context.
[2025-06-11 07:55:26Z INFO HostContext] Well known directory 'Bin': 'C:\Users\mathi\Documents\_School 2024-2025\MLOps\Project_MLOps\actions-runner\bin'
[2025-06-11 07:55:26Z INFO HostContext] Well known directory 'Root': 'C:\Users\mathi\Documents\_School 2024-2025\MLOps\Project_MLOps\actions-runner'
[2025-06-11 07:55:26Z INFO HostContext] Well known directory 'Work': 'C:\Users\mathi\Documents\_School 2024-2025\MLOps\Project_MLOps\actions-runner\_work'
[2025-06-11 07:55:26Z INFO JobRunner] Validating directory permissions for: 'C:\Users\mathi\Documents\_School 2024-2025\MLOps\Project_MLOps\actions-runner\_work'
[2025-06-11 07:55:26Z INFO HostContext] Well known directory 'Bin': 'C:\Users\mathi\Documents\_School 2024-2025\MLOps\Project_MLOps\actions-runner\bin'
[2025-06-11 07:55:26Z INFO HostContext] Well known directory 'Root': 'C:\Users\mathi\Documents\_School 2024-2025\MLOps\Project_MLOps\actions-runner'
[2025-06-11 07:55:26Z INFO HostContext] Well known directory 'Work': 'C:\Users\mathi\Documents\_School 2024-2025\MLOps\Project_MLOps\actions-runner\_work'
[2025-06-11 07:55:26Z INFO HostContext] Well known directory 'Tools': 'C:\Users\mathi\Documents\_School 2024-2025\MLOps\Project_MLOps\actions-runner\_work\_tool'
[2025-06-11 07:55:26Z INFO HostContext] Well known directory 'Bin': 'C:\Users\mathi\Documents\_School 2024-2025\MLOps\Project_MLOps\actions-runner\bin'
[2025-06-11 07:55:26Z INFO HostContext] Well known directory 'Root': 'C:\Users\mathi\Documents\_School 2024-2025\MLOps\Project_MLOps\actions-runner'
[2025-06-11 07:55:26Z INFO HostContext] Well known directory 'Work': 'C:\Users\mathi\Documents\_School 2024-2025\MLOps\Project_MLOps\actions-runner\_work'
[2025-06-11 07:55:26Z INFO HostContext] Well known directory 'Temp': 'C:\Users\mathi\Documents\_School 2024-2025\MLOps\Project_MLOps\actions-runner\_work\_temp'
[2025-06-11 07:55:26Z INFO JobRunner] Getting job extension.
[2025-06-11 07:55:26Z INFO JobRunner] Initialize job. Getting all job steps.
[2025-06-11 07:55:26Z INFO HostContext] Well known directory 'Bin': 'C:\Users\mathi\Documents\_School 2024-2025\MLOps\Project_MLOps\actions-runner\bin'
[2025-06-11 07:55:26Z INFO HostContext] Well known directory 'Root': 'C:\Users\mathi\Documents\_School 2024-2025\MLOps\Project_MLOps\actions-runner'
[2025-06-11 07:55:26Z INFO HostContext] Well known directory 'Diag': 'C:\Users\mathi\Documents\_School 2024-2025\MLOps\Project_MLOps\actions-runner\_diag'
[2025-06-11 07:55:26Z INFO HostContext] Well known directory 'Bin': 'C:\Users\mathi\Documents\_School 2024-2025\MLOps\Project_MLOps\actions-runner\bin'
[2025-06-11 07:55:26Z INFO HostContext] Well known directory 'Root': 'C:\Users\mathi\Documents\_School 2024-2025\MLOps\Project_MLOps\actions-runner'
[2025-06-11 07:55:26Z INFO HostContext] Well known directory 'Diag': 'C:\Users\mathi\Documents\_School 2024-2025\MLOps\Project_MLOps\actions-runner\_diag'
[2025-06-11 07:55:26Z INFO HostContext] Well known directory 'Bin': 'C:\Users\mathi\Documents\_School 2024-2025\MLOps\Project_MLOps\actions-runner\bin'
[2025-06-11 07:55:26Z INFO HostContext] Well known directory 'Root': 'C:\Users\mathi\Documents\_School 2024-2025\MLOps\Project_MLOps\actions-runner'
[2025-06-11 07:55:26Z INFO HostContext] Well known config file 'Credentials': 'C:\Users\mathi\Documents\_School 2024-2025\MLOps\Project_MLOps\actions-runner\.credentials'
[2025-06-11 07:55:26Z INFO HostContext] Well known directory 'Bin': 'C:\Users\mathi\Documents\_School 2024-2025\MLOps\Project_MLOps\actions-runner\bin'
[2025-06-11 07:55:26Z INFO HostContext] Well known directory 'Root': 'C:\Users\mathi\Documents\_School 2024-2025\MLOps\Project_MLOps\actions-runner'
[2025-06-11 07:55:26Z INFO HostContext] Well known config file 'SetupInfo': 'C:\Users\mathi\Documents\_School 2024-2025\MLOps\Project_MLOps\actions-runner\.setup_info'
[2025-06-11 07:55:26Z INFO HostContext] Well known directory 'Bin': 'C:\Users\mathi\Documents\_School 2024-2025\MLOps\Project_MLOps\actions-runner\bin'
[2025-06-11 07:55:26Z INFO HostContext] Well known directory 'Root': 'C:\Users\mathi\Documents\_School 2024-2025\MLOps\Project_MLOps\actions-runner'
[2025-06-11 07:55:26Z INFO HostContext] Well known directory 'Work': 'C:\Users\mathi\Documents\_School 2024-2025\MLOps\Project_MLOps\actions-runner\_work'
[2025-06-11 07:55:26Z INFO PipelineDirectoryManager] Loading tracking config if exists: C:\Users\mathi\Documents\_School 2024-2025\MLOps\Project_MLOps\actions-runner\_work\_PipelineMapping\MathiasGoris2440/MLOps-Project\PipelineFolder.json
[2025-06-11 07:55:26Z INFO PipelineDirectoryManager] Creating a new tracking config file.
[2025-06-11 07:55:26Z INFO HostContext] Well known directory 'Bin': 'C:\Users\mathi\Documents\_School 2024-2025\MLOps\Project_MLOps\actions-runner\bin'
[2025-06-11 07:55:26Z INFO HostContext] Well known directory 'Root': 'C:\Users\mathi\Documents\_School 2024-2025\MLOps\Project_MLOps\actions-runner'
[2025-06-11 07:55:26Z INFO HostContext] Well known directory 'Work': 'C:\Users\mathi\Documents\_School 2024-2025\MLOps\Project_MLOps\actions-runner\_work'
[2025-06-11 07:55:26Z INFO PipelineDirectoryManager] Creating pipeline directory.
[2025-06-11 07:55:26Z INFO HostContext] Well known directory 'Bin': 'C:\Users\mathi\Documents\_School 2024-2025\MLOps\Project_MLOps\actions-runner\bin'
[2025-06-11 07:55:26Z INFO HostContext] Well known directory 'Root': 'C:\Users\mathi\Documents\_School 2024-2025\MLOps\Project_MLOps\actions-runner'
[2025-06-11 07:55:26Z INFO HostContext] Well known directory 'Work': 'C:\Users\mathi\Documents\_School 2024-2025\MLOps\Project_MLOps\actions-runner\_work'
[2025-06-11 07:55:26Z INFO PipelineDirectoryManager] Creating workspace directory.
[2025-06-11 07:55:26Z INFO HostContext] Well known directory 'Bin': 'C:\Users\mathi\Documents\_School 2024-2025\MLOps\Project_MLOps\actions-runner\bin'
[2025-06-11 07:55:26Z INFO HostContext] Well known directory 'Root': 'C:\Users\mathi\Documents\_School 2024-2025\MLOps\Project_MLOps\actions-runner'
[2025-06-11 07:55:26Z INFO HostContext] Well known directory 'Work': 'C:\Users\mathi\Documents\_School 2024-2025\MLOps\Project_MLOps\actions-runner\_work'
[2025-06-11 07:55:26Z INFO JobExtension] Downloading actions
[2025-06-11 07:55:26Z INFO HostContext] Well known directory 'Bin': 'C:\Users\mathi\Documents\_School 2024-2025\MLOps\Project_MLOps\actions-runner\bin'
[2025-06-11 07:55:26Z INFO HostContext] Well known directory 'Root': 'C:\Users\mathi\Documents\_School 2024-2025\MLOps\Project_MLOps\actions-runner'
[2025-06-11 07:55:26Z INFO HostContext] Well known directory 'Work': 'C:\Users\mathi\Documents\_School 2024-2025\MLOps\Project_MLOps\actions-runner\_work'
[2025-06-11 07:55:26Z INFO HostContext] Well known directory 'Actions': 'C:\Users\mathi\Documents\_School 2024-2025\MLOps\Project_MLOps\actions-runner\_work\_actions'
[2025-06-11 07:55:26Z INFO Worker] Listening for cancel message from the channel.
[2025-06-11 07:55:26Z INFO Worker] Waiting for the job to complete or for a cancel message from the channel.
[2025-06-11 07:55:27Z INFO ResultServer] Successfully started websocket client.
[2025-06-11 07:55:27Z INFO JobServerQueue] Try to append 1 batches web console lines for record '71a6a91b-542b-4809-9fcc-5f06114b5fc7', success rate: 1/1.
[2025-06-11 07:55:27Z ERR  GitHubActionsService] POST request to https://launch.actions.githubusercontent.com/actions/build/b48956c4-4c36-43d3-aed6-3afc49bb461f/jobs/1bbc35f5-c16e-53f3-9af5-4b29a76b8508/runnerresolve/actions failed. HTTP Status: UnprocessableEntity
[2025-06-11 07:55:27Z ERR  JobExtension] Caught exception from JobExtension Initialization: GitHub.DistributedTask.WebApi.UnresolvableActionDownloadInfoException: This request has been automatically failed because it uses a deprecated version of `actions/upload-artifact: v3`. Learn more: https://github.blog/changelog/2024-04-16-deprecation-notice-v3-of-the-artifact-actions/
   at GitHub.Services.Launch.Client.LaunchHttpClient.GetResolveActionsDownloadInfoAsyncV2(Guid planId, Guid jobId, ActionReferenceList actionReferenceList, CancellationToken cancellationToken)
   at GitHub.Runner.Worker.ActionManager.GetDownloadInfoAsync(IExecutionContext executionContext, List`1 actions)
   at GitHub.Runner.Worker.ActionManager.GetDownloadInfoAsync(IExecutionContext executionContext, List`1 actions)
   at GitHub.Runner.Worker.ActionManager.PrepareActionsRecursiveAsync(IExecutionContext executionContext, PrepareActionsState state, IEnumerable`1 actions, Int32 depth, Guid parentStepId)
   at GitHub.Runner.Worker.ActionManager.PrepareActionsAsync(IExecutionContext executionContext, IEnumerable`1 steps, Guid rootStepId)
   at GitHub.Runner.Worker.JobExtension.InitializeJob(IExecutionContext jobContext, AgentJobRequestMessage message)
[2025-06-11 07:55:27Z INFO ExecutionContext] Publish step telemetry for current step {
  "action": "setup_job",
  "type": "runner",
  "stage": "Pre",
  "stepId": "71a6a91b-542b-4809-9fcc-5f06114b5fc7",
  "result": "failed",
  "errorMessages": [
    "This request has been automatically failed because it uses a deprecated version of `actions/upload-artifact: v3`. Learn more: https://github.blog/changelog/2024-04-16-deprecation-notice-v3-of-the-artifact-actions/"
  ],
  "executionTimeInSeconds": 1,
  "startTime": "2025-06-11T07:55:26.636538Z",
  "finishTime": "2025-06-11T07:55:27.2589426Z"
}.
[2025-06-11 07:55:27Z ERR  JobRunner] Job initialize failed.
[2025-06-11 07:55:27Z ERR  JobRunner] Caught exception from InitializeJob: GitHub.DistributedTask.WebApi.UnresolvableActionDownloadInfoException: This request has been automatically failed because it uses a deprecated version of `actions/upload-artifact: v3`. Learn more: https://github.blog/changelog/2024-04-16-deprecation-notice-v3-of-the-artifact-actions/
   at GitHub.Services.Launch.Client.LaunchHttpClient.GetResolveActionsDownloadInfoAsyncV2(Guid planId, Guid jobId, ActionReferenceList actionReferenceList, CancellationToken cancellationToken)
   at GitHub.Runner.Worker.ActionManager.GetDownloadInfoAsync(IExecutionContext executionContext, List`1 actions)
   at GitHub.Runner.Worker.ActionManager.GetDownloadInfoAsync(IExecutionContext executionContext, List`1 actions)
   at GitHub.Runner.Worker.ActionManager.PrepareActionsRecursiveAsync(IExecutionContext executionContext, PrepareActionsState state, IEnumerable`1 actions, Int32 depth, Guid parentStepId)
   at GitHub.Runner.Worker.ActionManager.PrepareActionsAsync(IExecutionContext executionContext, IEnumerable`1 steps, Guid rootStepId)
   at GitHub.Runner.Worker.JobExtension.InitializeJob(IExecutionContext jobContext, AgentJobRequestMessage message)
   at GitHub.Runner.Worker.JobRunner.RunAsync(AgentJobRequestMessage message, CancellationToken jobRequestCancellationToken)
[2025-06-11 07:55:27Z INFO JobRunner] Shutting down the job server queue.
[2025-06-11 07:55:27Z INFO JobServerQueue] Fire signal to shutdown all queues.
[2025-06-11 07:55:27Z INFO JobServerQueue] Job timeline record has been updated for the first time.
[2025-06-11 07:55:27Z INFO JobServerQueue] All queue process task stopped.
[2025-06-11 07:55:27Z INFO JobServerQueue] Try to append 1 batches web console lines for record '71a6a91b-542b-4809-9fcc-5f06114b5fc7', success rate: 1/1.
[2025-06-11 07:55:27Z INFO JobServerQueue] Web console line queue drained.
[2025-06-11 07:55:27Z INFO JobServerQueue] Uploading 2 files in one shot.
[2025-06-11 07:55:27Z INFO JobServerQueue] Try to upload 2 log files or attachments, success rate: 2/2.
[2025-06-11 07:55:27Z INFO JobServerQueue] File upload queue drained.
[2025-06-11 07:55:27Z INFO JobServerQueue] Starting results-based upload queue...
[2025-06-11 07:55:27Z INFO JobServerQueue] Uploading 2 file(s) in one shot through results service.
[2025-06-11 07:55:27Z INFO JobServerQueue] Got a step log file to send to results service.
[2025-06-11 07:55:27Z INFO JobServerQueue] Starting upload of step log file to results service ResultsLog, C:\Users\mathi\Documents\_School 2024-2025\MLOps\Project_MLOps\actions-runner\_diag\blocks\b48956c4-4c36-43d3-aed6-3afc49bb461f_71a6a91b-542b-4809-9fcc-5f06114b5fc7.1
[2025-06-11 07:55:28Z INFO JobServerQueue] Got a job log file to send to results service.
[2025-06-11 07:55:28Z INFO JobServerQueue] Starting upload of job log file to results service ResultsLog, C:\Users\mathi\Documents\_School 2024-2025\MLOps\Project_MLOps\actions-runner\_diag\blocks\b48956c4-4c36-43d3-aed6-3afc49bb461f_1bbc35f5-c16e-53f3-9af5-4b29a76b8508.1
[2025-06-11 07:55:29Z INFO JobServerQueue] Tried to upload 2 file(s) to results, success rate: 2/2.
[2025-06-11 07:55:29Z INFO JobServerQueue] Results upload queue drained.
[2025-06-11 07:55:29Z INFO JobServerQueue] Timeline update queue drained.
[2025-06-11 07:55:29Z INFO JobServerQueue] Disposing job server ...
[2025-06-11 07:55:29Z INFO JobServerQueue] Disposing results server ...
[2025-06-11 07:55:29Z INFO JobServerQueue] All queue process tasks have been stopped, and all queues are drained.
[2025-06-11 07:55:29Z INFO TempDirectoryManager] Cleaning runner temp folder: C:\Users\mathi\Documents\_School 2024-2025\MLOps\Project_MLOps\actions-runner\_work\_temp
[2025-06-11 07:55:29Z INFO HostContext] Well known directory 'Bin': 'C:\Users\mathi\Documents\_School 2024-2025\MLOps\Project_MLOps\actions-runner\bin'
[2025-06-11 07:55:29Z INFO HostContext] Well known directory 'Root': 'C:\Users\mathi\Documents\_School 2024-2025\MLOps\Project_MLOps\actions-runner'
[2025-06-11 07:55:29Z INFO HostContext] Well known directory 'Diag': 'C:\Users\mathi\Documents\_School 2024-2025\MLOps\Project_MLOps\actions-runner\_diag'
[2025-06-11 07:55:29Z INFO HostContext] Well known config file 'Telemetry': 'C:\Users\mathi\Documents\_School 2024-2025\MLOps\Project_MLOps\actions-runner\_diag\.telemetry'
[2025-06-11 07:55:29Z INFO JobRunner] Raising job completed against run service
[2025-06-11 07:55:29Z INFO Worker] Job completed.
